This file contains any messages produced by compilers while
running configure, to aid debugging if configure makes a mistake.

It was created by Communication Library Simulator configure 0.0, which was
generated by GNU Autoconf 2.68.  Invocation command line was

  $ ./configure 

## --------- ##
## Platform. ##
## --------- ##

hostname = desktop
uname -m = i686
uname -r = 3.2.0-24-generic
uname -s = Linux
uname -v = #39-Ubuntu SMP Mon May 21 16:51:22 UTC 2012

/usr/bin/uname -p = unknown
/bin/uname -X     = unknown

/bin/arch              = unknown
/usr/bin/arch -k       = unknown
/usr/convex/getsysinfo = unknown
/usr/bin/hostinfo      = unknown
/bin/machine           = unknown
/usr/bin/oslevel       = unknown
/bin/universe          = unknown

PATH: /usr/lib/lightdm/lightdm
PATH: /usr/local/sbin
PATH: /usr/local/bin
PATH: /usr/sbin
PATH: /usr/bin
PATH: /sbin
PATH: /bin
PATH: /usr/games


## ----------- ##
## Core tests. ##
## ----------- ##

configure:1824: checking for a BSD-compatible install
configure:1892: result: /usr/bin/install -c
configure:1903: checking whether build environment is sane
configure:1953: result: yes
configure:2094: checking for a thread-safe mkdir -p
configure:2133: result: /bin/mkdir -p
configure:2146: checking for gawk
configure:2176: result: no
configure:2146: checking for mawk
configure:2162: found /usr/bin/mawk
configure:2173: result: mawk
configure:2184: checking whether make sets $(MAKE)
configure:2206: result: yes
configure:2338: checking for g++
configure:2354: found /usr/bin/g++
configure:2365: result: g++
configure:2392: checking for C++ compiler version
configure:2401: g++ --version >&5
g++ (Ubuntu/Linaro 4.6.3-1ubuntu5) 4.6.3
Copyright (C) 2011 Free Software Foundation, Inc.
This is free software; see the source for copying conditions.  There is NO
warranty; not even for MERCHANTABILITY or FITNESS FOR A PARTICULAR PURPOSE.

configure:2412: $? = 0
configure:2401: g++ -v >&5
Using built-in specs.
COLLECT_GCC=g++
COLLECT_LTO_WRAPPER=/usr/lib/gcc/i686-linux-gnu/4.6/lto-wrapper
Target: i686-linux-gnu
Configured with: ../src/configure -v --with-pkgversion='Ubuntu/Linaro 4.6.3-1ubuntu5' --with-bugurl=file:///usr/share/doc/gcc-4.6/README.Bugs --enable-languages=c,c++,fortran,objc,obj-c++ --prefix=/usr --program-suffix=-4.6 --enable-shared --enable-linker-build-id --with-system-zlib --libexecdir=/usr/lib --without-included-gettext --enable-threads=posix --with-gxx-include-dir=/usr/include/c++/4.6 --libdir=/usr/lib --enable-nls --with-sysroot=/ --enable-clocale=gnu --enable-libstdcxx-debug --enable-libstdcxx-time=yes --enable-gnu-unique-object --enable-plugin --enable-objc-gc --enable-targets=all --disable-werror --with-arch-32=i686 --with-tune=generic --enable-checking=release --build=i686-linux-gnu --host=i686-linux-gnu --target=i686-linux-gnu
Thread model: posix
gcc version 4.6.3 (Ubuntu/Linaro 4.6.3-1ubuntu5) 
configure:2412: $? = 0
configure:2401: g++ -V >&5
g++: error: unrecognized option '-V'
g++: fatal error: no input files
compilation terminated.
configure:2412: $? = 4
configure:2401: g++ -qversion >&5
g++: error: unrecognized option '-qversion'
g++: fatal error: no input files
compilation terminated.
configure:2412: $? = 4
configure:2432: checking whether the C++ compiler works
configure:2454: g++    conftest.cpp  >&5
configure:2458: $? = 0
configure:2506: result: yes
configure:2509: checking for C++ compiler default output file name
configure:2511: result: a.out
configure:2517: checking for suffix of executables
configure:2524: g++ -o conftest    conftest.cpp  >&5
configure:2528: $? = 0
configure:2550: result: 
configure:2572: checking whether we are cross compiling
configure:2580: g++ -o conftest    conftest.cpp  >&5
configure:2584: $? = 0
configure:2591: ./conftest
configure:2595: $? = 0
configure:2610: result: no
configure:2615: checking for suffix of object files
configure:2637: g++ -c   conftest.cpp >&5
configure:2641: $? = 0
configure:2662: result: o
configure:2666: checking whether we are using the GNU C++ compiler
configure:2685: g++ -c   conftest.cpp >&5
configure:2685: $? = 0
configure:2694: result: yes
configure:2703: checking whether g++ accepts -g
configure:2723: g++ -c -g  conftest.cpp >&5
configure:2723: $? = 0
configure:2764: result: yes
configure:2798: checking for style of include used by make
configure:2826: result: GNU
configure:2851: checking dependency style of g++
configure:2961: result: gcc3
configure:3031: checking for pkg-config
configure:3049: found /usr/bin/pkg-config
configure:3061: result: /usr/bin/pkg-config
configure:3086: checking pkg-config is at least version 0.9.0
configure:3089: result: yes
configure:3099: checking for COMLIBSIM
configure:3106: $PKG_CONFIG --exists --print-errors "gtkmm-3.0 >= 3.0.0 libxml++-2.6 >= 2.10.0"
configure:3109: $? = 0
configure:3123: $PKG_CONFIG --exists --print-errors "gtkmm-3.0 >= 3.0.0 libxml++-2.6 >= 2.10.0"
configure:3126: $? = 0
configure:3184: result: yes
configure:3321: creating ./config.status

## ---------------------- ##
## Running config.status. ##
## ---------------------- ##

This file was extended by Communication Library Simulator config.status 0.0, which was
generated by GNU Autoconf 2.68.  Invocation command line was

  CONFIG_FILES    = 
  CONFIG_HEADERS  = 
  CONFIG_LINKS    = 
  CONFIG_COMMANDS = 
  $ ./config.status 

on desktop

config.status:856: creating Makefile
config.status:856: creating config.h
config.status:1037: config.h is unchanged
config.status:1085: executing depfiles commands

## ---------------- ##
## Cache variables. ##
## ---------------- ##

ac_cv_cxx_compiler_gnu=yes
ac_cv_env_CCC_set=
ac_cv_env_CCC_value=
ac_cv_env_COMLIBSIM_CFLAGS_set=
ac_cv_env_COMLIBSIM_CFLAGS_value=
ac_cv_env_COMLIBSIM_LIBS_set=
ac_cv_env_COMLIBSIM_LIBS_value=
ac_cv_env_CPPFLAGS_set=
ac_cv_env_CPPFLAGS_value=
ac_cv_env_CXXFLAGS_set=
ac_cv_env_CXXFLAGS_value=
ac_cv_env_CXX_set=
ac_cv_env_CXX_value=
ac_cv_env_LDFLAGS_set=
ac_cv_env_LDFLAGS_value=
ac_cv_env_LIBS_set=
ac_cv_env_LIBS_value=
ac_cv_env_PKG_CONFIG_LIBDIR_set=
ac_cv_env_PKG_CONFIG_LIBDIR_value=
ac_cv_env_PKG_CONFIG_PATH_set=
ac_cv_env_PKG_CONFIG_PATH_value=
ac_cv_env_PKG_CONFIG_set=
ac_cv_env_PKG_CONFIG_value=
ac_cv_env_build_alias_set=
ac_cv_env_build_alias_value=
ac_cv_env_host_alias_set=
ac_cv_env_host_alias_value=
ac_cv_env_target_alias_set=
ac_cv_env_target_alias_value=
ac_cv_objext=o
ac_cv_path_ac_pt_PKG_CONFIG=/usr/bin/pkg-config
ac_cv_path_install='/usr/bin/install -c'
ac_cv_path_mkdir=/bin/mkdir
ac_cv_prog_AWK=mawk
ac_cv_prog_ac_ct_CXX=g++
ac_cv_prog_cxx_g=yes
ac_cv_prog_make_make_set=yes
am_cv_CXX_dependencies_compiler_type=gcc3
pkg_cv_COMLIBSIM_CFLAGS='-pthread -I/usr/include/atkmm-1.6 -I/usr/include/giomm-2.4 -I/usr/lib/i386-linux-gnu/giomm-2.4/include -I/usr/include/pangomm-1.4 -I/usr/lib/i386-linux-gnu/pangomm-1.4/include -I/usr/include/gtk-3.0 -I/usr/include/cairomm-1.0 -I/usr/lib/i386-linux-gnu/cairomm-1.0/include -I/usr/include/gdk-pixbuf-2.0 -I/usr/include/gtk-3.0/unix-print -I/usr/include/atk-1.0 -I/usr/include/glibmm-2.4 -I/usr/lib/i386-linux-gnu/glibmm-2.4/include -I/usr/include/glib-2.0 -I/usr/lib/i386-linux-gnu/glib-2.0/include -I/usr/include/sigc++-2.0 -I/usr/lib/i386-linux-gnu/sigc++-2.0/include -I/usr/include/pango-1.0 -I/usr/include/cairo -I/usr/include/pixman-1 -I/usr/include/freetype2 -I/usr/include/libpng12 -I/usr/include/gio-unix-2.0/ -I/usr/include/libxml2 -I/usr/include/gtkmm-3.0 -I/usr/lib/gtkmm-3.0/include -I/usr/include/gdkmm-3.0 -I/usr/lib/gdkmm-3.0/include -I/usr/include/libxml++-2.6 -I/usr/lib/libxml++-2.6/include  '
pkg_cv_COMLIBSIM_LIBS='-lgtkmm-3.0 -latkmm-1.6 -lgdkmm-3.0 -lgiomm-2.4 -lpangomm-1.4 -lgtk-3 -lcairomm-1.0 -lgdk-3 -latk-1.0 -lgio-2.0 -lpangocairo-1.0 -lgdk_pixbuf-2.0 -lcairo-gobject -lpango-1.0 -lcairo -lxml++-2.6 -lxml2 -lglibmm-2.4 -lgobject-2.0 -lsigc-2.0 -lglib-2.0  '

## ----------------- ##
## Output variables. ##
## ----------------- ##

ACLOCAL='${SHELL} /home/daniel/comlibsim_gui/missing --run aclocal-1.11'
AMDEPBACKSLASH='\'
AMDEP_FALSE='#'
AMDEP_TRUE=''
AMTAR='${SHELL} /home/daniel/comlibsim_gui/missing --run tar'
AUTOCONF='${SHELL} /home/daniel/comlibsim_gui/missing --run autoconf'
AUTOHEADER='${SHELL} /home/daniel/comlibsim_gui/missing --run autoheader'
AUTOMAKE='${SHELL} /home/daniel/comlibsim_gui/missing --run automake-1.11'
AWK='mawk'
COMLIBSIM_CFLAGS='-pthread -I/usr/include/atkmm-1.6 -I/usr/include/giomm-2.4 -I/usr/lib/i386-linux-gnu/giomm-2.4/include -I/usr/include/pangomm-1.4 -I/usr/lib/i386-linux-gnu/pangomm-1.4/include -I/usr/include/gtk-3.0 -I/usr/include/cairomm-1.0 -I/usr/lib/i386-linux-gnu/cairomm-1.0/include -I/usr/include/gdk-pixbuf-2.0 -I/usr/include/gtk-3.0/unix-print -I/usr/include/atk-1.0 -I/usr/include/glibmm-2.4 -I/usr/lib/i386-linux-gnu/glibmm-2.4/include -I/usr/include/glib-2.0 -I/usr/lib/i386-linux-gnu/glib-2.0/include -I/usr/include/sigc++-2.0 -I/usr/lib/i386-linux-gnu/sigc++-2.0/include -I/usr/include/pango-1.0 -I/usr/include/cairo -I/usr/include/pixman-1 -I/usr/include/freetype2 -I/usr/include/libpng12 -I/usr/include/gio-unix-2.0/ -I/usr/include/libxml2 -I/usr/include/gtkmm-3.0 -I/usr/lib/gtkmm-3.0/include -I/usr/include/gdkmm-3.0 -I/usr/lib/gdkmm-3.0/include -I/usr/include/libxml++-2.6 -I/usr/lib/libxml++-2.6/include  '
COMLIBSIM_LIBS='-lgtkmm-3.0 -latkmm-1.6 -lgdkmm-3.0 -lgiomm-2.4 -lpangomm-1.4 -lgtk-3 -lcairomm-1.0 -lgdk-3 -latk-1.0 -lgio-2.0 -lpangocairo-1.0 -lgdk_pixbuf-2.0 -lcairo-gobject -lpango-1.0 -lcairo -lxml++-2.6 -lxml2 -lglibmm-2.4 -lgobject-2.0 -lsigc-2.0 -lglib-2.0  '
CPPFLAGS=''
CXX='g++'
CXXDEPMODE='depmode=gcc3'
CXXFLAGS='-g -O2'
CYGPATH_W='echo'
DEFS='-DHAVE_CONFIG_H'
DEPDIR='.deps'
ECHO_C=''
ECHO_N='-n'
ECHO_T=''
EXEEXT=''
INSTALL_DATA='${INSTALL} -m 644'
INSTALL_PROGRAM='${INSTALL}'
INSTALL_SCRIPT='${INSTALL}'
INSTALL_STRIP_PROGRAM='$(install_sh) -c -s'
LDFLAGS=''
LIBOBJS=''
LIBS=''
LTLIBOBJS=''
MAKEINFO='${SHELL} /home/daniel/comlibsim_gui/missing --run makeinfo'
MKDIR_P='/bin/mkdir -p'
OBJEXT='o'
PACKAGE='comlibsim'
PACKAGE_BUGREPORT='da.arada@gmail.com'
PACKAGE_NAME='Communication Library Simulator'
PACKAGE_STRING='Communication Library Simulator 0.0'
PACKAGE_TARNAME='comlibsim'
PACKAGE_URL=''
PACKAGE_VERSION='0.0'
PATH_SEPARATOR=':'
PKG_CONFIG='/usr/bin/pkg-config'
PKG_CONFIG_LIBDIR=''
PKG_CONFIG_PATH=''
SET_MAKE=''
SHELL='/bin/bash'
STRIP=''
VERSION='0.0'
ac_ct_CXX='g++'
am__EXEEXT_FALSE=''
am__EXEEXT_TRUE='#'
am__fastdepCXX_FALSE='#'
am__fastdepCXX_TRUE=''
am__include='include'
am__isrc=''
am__leading_dot='.'
am__quote=''
am__tar='${AMTAR} chof - "$$tardir"'
am__untar='${AMTAR} xf -'
bindir='${exec_prefix}/bin'
build_alias=''
datadir='${datarootdir}'
datarootdir='${prefix}/share'
docdir='${datarootdir}/doc/${PACKAGE_TARNAME}'
dvidir='${docdir}'
exec_prefix='${prefix}'
host_alias=''
htmldir='${docdir}'
includedir='${prefix}/include'
infodir='${datarootdir}/info'
install_sh='${SHELL} /home/daniel/comlibsim_gui/install-sh'
libdir='${exec_prefix}/lib'
libexecdir='${exec_prefix}/libexec'
localedir='${datarootdir}/locale'
localstatedir='${prefix}/var'
mandir='${datarootdir}/man'
mkdir_p='/bin/mkdir -p'
oldincludedir='/usr/include'
pdfdir='${docdir}'
prefix='/usr/local'
program_transform_name='s,x,x,'
psdir='${docdir}'
sbindir='${exec_prefix}/sbin'
sharedstatedir='${prefix}/com'
sysconfdir='${prefix}/etc'
target_alias=''

## ----------- ##
## confdefs.h. ##
## ----------- ##

/* confdefs.h */
#define PACKAGE_NAME "Communication Library Simulator"
#define PACKAGE_TARNAME "comlibsim"
#define PACKAGE_VERSION "0.0"
#define PACKAGE_STRING "Communication Library Simulator 0.0"
#define PACKAGE_BUGREPORT "da.arada@gmail.com"
#define PACKAGE_URL ""

configure: exit 0
